2015/09/14 20:10:01 [error] [php] Undefined index: label (C:\xampp\htdocs\jks\protected\extensions\mbmenu\MbMenu.php:172)
Stack trace:
#0 C:\xampp\htdocs\jks\protected\extensions\mbmenu\MbMenu.php(99): MbMenu->init()
#1 C:\xampp\htdocs\yii\framework\web\CBaseController.php(147): MbMenu->init()
#2 C:\xampp\htdocs\yii\framework\web\CBaseController.php(180): SiteController->createWidget()
#3 C:\xampp\htdocs\jks\protected\views\layouts\main.php(50): SiteController->widget()
#4 C:\xampp\htdocs\yii\framework\web\CBaseController.php(126): require()
#5 C:\xampp\htdocs\yii\framework\web\CBaseController.php(95): SiteController->renderInternal()
#6 C:\xampp\htdocs\yii\framework\web\widgets\CContentDecorator.php(76): SiteController->renderFile()
#7 C:\xampp\htdocs\yii\framework\web\widgets\CContentDecorator.php(54): CContentDecorator->decorate()
#8 C:\xampp\htdocs\yii\framework\web\widgets\COutputProcessor.php(44): CContentDecorator->processOutput()
#9 C:\xampp\htdocs\yii\framework\web\CBaseController.php(214): CContentDecorator->run()
#10 C:\xampp\htdocs\yii\framework\web\CBaseController.php(308): SiteController->endWidget()
#11 C:\xampp\htdocs\jks\protected\views\layouts\column1.php(6): SiteController->endContent()
#12 C:\xampp\htdocs\yii\framework\web\CBaseController.php(126): require()
#13 C:\xampp\htdocs\yii\framework\web\CBaseController.php(95): SiteController->renderInternal()
#14 C:\xampp\htdocs\yii\framework\web\CController.php(784): SiteController->renderFile()
#15 C:\xampp\htdocs\jks\protected\controllers\SiteController.php(32): SiteController->render()
#16 C:\xampp\htdocs\yii\framework\web\actions\CInlineAction.php(49): SiteController->actionIndex()
#17 C:\xampp\htdocs\yii\framework\web\CController.php(308): CInlineAction->runWithParams()
#18 C:\xampp\htdocs\yii\framework\web\CController.php(286): SiteController->runAction()
#19 C:\xampp\htdocs\yii\framework\web\CController.php(265): SiteController->runActionWithFilters()
#20 C:\xampp\htdocs\yii\framework\web\CWebApplication.php(282): SiteController->run()
#21 C:\xampp\htdocs\yii\framework\web\CWebApplication.php(141): CWebApplication->runController()
#22 C:\xampp\htdocs\yii\framework\base\CApplication.php(184): CWebApplication->processRequest()
#23 C:\xampp\htdocs\jks\index.php(13): CWebApplication->run()
REQUEST_URI=/jks/index.php
in C:\xampp\htdocs\jks\protected\extensions\mbmenu\MbMenu.php (172)
in C:\xampp\htdocs\jks\protected\extensions\mbmenu\MbMenu.php (176)
in C:\xampp\htdocs\jks\protected\extensions\mbmenu\MbMenu.php (99)
2015/09/14 20:10:32 [error] [php] Undefined index: label (C:\xampp\htdocs\jks\protected\extensions\mbmenu\MbMenu.php:172)
Stack trace:
#0 C:\xampp\htdocs\jks\protected\extensions\mbmenu\MbMenu.php(99): MbMenu->init()
#1 C:\xampp\htdocs\yii\framework\web\CBaseController.php(147): MbMenu->init()
#2 C:\xampp\htdocs\yii\framework\web\CBaseController.php(180): SiteController->createWidget()
#3 C:\xampp\htdocs\jks\protected\views\layouts\main.php(50): SiteController->widget()
#4 C:\xampp\htdocs\yii\framework\web\CBaseController.php(126): require()
#5 C:\xampp\htdocs\yii\framework\web\CBaseController.php(95): SiteController->renderInternal()
#6 C:\xampp\htdocs\yii\framework\web\widgets\CContentDecorator.php(76): SiteController->renderFile()
#7 C:\xampp\htdocs\yii\framework\web\widgets\CContentDecorator.php(54): CContentDecorator->decorate()
#8 C:\xampp\htdocs\yii\framework\web\widgets\COutputProcessor.php(44): CContentDecorator->processOutput()
#9 C:\xampp\htdocs\yii\framework\web\CBaseController.php(214): CContentDecorator->run()
#10 C:\xampp\htdocs\yii\framework\web\CBaseController.php(308): SiteController->endWidget()
#11 C:\xampp\htdocs\jks\protected\views\layouts\column1.php(6): SiteController->endContent()
#12 C:\xampp\htdocs\yii\framework\web\CBaseController.php(126): require()
#13 C:\xampp\htdocs\yii\framework\web\CBaseController.php(95): SiteController->renderInternal()
#14 C:\xampp\htdocs\yii\framework\web\CController.php(784): SiteController->renderFile()
#15 C:\xampp\htdocs\jks\protected\controllers\SiteController.php(32): SiteController->render()
#16 C:\xampp\htdocs\yii\framework\web\actions\CInlineAction.php(49): SiteController->actionIndex()
#17 C:\xampp\htdocs\yii\framework\web\CController.php(308): CInlineAction->runWithParams()
#18 C:\xampp\htdocs\yii\framework\web\CController.php(286): SiteController->runAction()
#19 C:\xampp\htdocs\yii\framework\web\CController.php(265): SiteController->runActionWithFilters()
#20 C:\xampp\htdocs\yii\framework\web\CWebApplication.php(282): SiteController->run()
#21 C:\xampp\htdocs\yii\framework\web\CWebApplication.php(141): CWebApplication->runController()
#22 C:\xampp\htdocs\yii\framework\base\CApplication.php(184): CWebApplication->processRequest()
#23 C:\xampp\htdocs\jks\index.php(13): CWebApplication->run()
REQUEST_URI=/jks/index.php
in C:\xampp\htdocs\jks\protected\extensions\mbmenu\MbMenu.php (172)
in C:\xampp\htdocs\jks\protected\extensions\mbmenu\MbMenu.php (176)
in C:\xampp\htdocs\jks\protected\extensions\mbmenu\MbMenu.php (99)
2015/09/14 20:19:05 [error] [php] Undefined index: label (C:\xampp\htdocs\jks\protected\extensions\mbmenu\MbMenu.php:172)
Stack trace:
#0 C:\xampp\htdocs\jks\protected\extensions\mbmenu\MbMenu.php(99): MbMenu->init()
#1 C:\xampp\htdocs\yii\framework\web\CBaseController.php(147): MbMenu->init()
#2 C:\xampp\htdocs\yii\framework\web\CBaseController.php(180): PenerbitController->createWidget()
#3 C:\xampp\htdocs\jks\protected\views\layouts\main.php(45): PenerbitController->widget()
#4 C:\xampp\htdocs\yii\framework\web\CBaseController.php(126): require()
#5 C:\xampp\htdocs\yii\framework\web\CBaseController.php(95): PenerbitController->renderInternal()
#6 C:\xampp\htdocs\yii\framework\web\widgets\CContentDecorator.php(76): PenerbitController->renderFile()
#7 C:\xampp\htdocs\yii\framework\web\widgets\CContentDecorator.php(54): CContentDecorator->decorate()
#8 C:\xampp\htdocs\yii\framework\web\widgets\COutputProcessor.php(44): CContentDecorator->processOutput()
#9 C:\xampp\htdocs\yii\framework\web\CBaseController.php(214): CContentDecorator->run()
#10 C:\xampp\htdocs\yii\framework\web\CBaseController.php(308): PenerbitController->endWidget()
#11 C:\xampp\htdocs\jks\protected\views\layouts\column2.php(22): PenerbitController->endContent()
#12 C:\xampp\htdocs\yii\framework\web\CBaseController.php(126): require()
#13 C:\xampp\htdocs\yii\framework\web\CBaseController.php(95): PenerbitController->renderInternal()
#14 C:\xampp\htdocs\yii\framework\web\CController.php(784): PenerbitController->renderFile()
#15 C:\xampp\htdocs\jks\protected\controllers\PenerbitController.php(128): PenerbitController->render()
#16 C:\xampp\htdocs\yii\framework\web\actions\CInlineAction.php(49): PenerbitController->actionIndex()
#17 C:\xampp\htdocs\yii\framework\web\CController.php(308): CInlineAction->runWithParams()
#18 C:\xampp\htdocs\yii\framework\web\filters\CFilterChain.php(133): PenerbitController->runAction()
#19 C:\xampp\htdocs\yii\framework\web\filters\CFilter.php(40): CFilterChain->run()
#20 C:\xampp\htdocs\yii\framework\web\CController.php(1145): CAccessControlFilter->filter()
#21 C:\xampp\htdocs\yii\framework\web\filters\CInlineFilter.php(58): PenerbitController->filterAccessControl()
#22 C:\xampp\htdocs\yii\framework\web\filters\CFilterChain.php(130): CInlineFilter->filter()
#23 C:\xampp\htdocs\yii\framework\web\CController.php(291): CFilterChain->run()
#24 C:\xampp\htdocs\yii\framework\web\CController.php(265): PenerbitController->runActionWithFilters()
#25 C:\xampp\htdocs\yii\framework\web\CWebApplication.php(282): PenerbitController->run()
#26 C:\xampp\htdocs\yii\framework\web\CWebApplication.php(141): CWebApplication->runController()
#27 C:\xampp\htdocs\yii\framework\base\CApplication.php(184): CWebApplication->processRequest()
#28 C:\xampp\htdocs\jks\index.php(13): CWebApplication->run()
REQUEST_URI=/jks/index.php?r=penerbit/index
in C:\xampp\htdocs\jks\protected\extensions\mbmenu\MbMenu.php (172)
in C:\xampp\htdocs\jks\protected\extensions\mbmenu\MbMenu.php (176)
in C:\xampp\htdocs\jks\protected\extensions\mbmenu\MbMenu.php (99)
2015/09/14 20:22:40 [error] [php] Undefined index: label (C:\xampp\htdocs\jks\protected\extensions\mbmenu\MbMenu.php:172)
Stack trace:
#0 C:\xampp\htdocs\jks\protected\extensions\mbmenu\MbMenu.php(99): MbMenu->init()
#1 C:\xampp\htdocs\yii\framework\web\CBaseController.php(147): MbMenu->init()
#2 C:\xampp\htdocs\yii\framework\web\CBaseController.php(180): PenerbitController->createWidget()
#3 C:\xampp\htdocs\jks\protected\views\layouts\main.php(50): PenerbitController->widget()
#4 C:\xampp\htdocs\yii\framework\web\CBaseController.php(126): require()
#5 C:\xampp\htdocs\yii\framework\web\CBaseController.php(95): PenerbitController->renderInternal()
#6 C:\xampp\htdocs\yii\framework\web\widgets\CContentDecorator.php(76): PenerbitController->renderFile()
#7 C:\xampp\htdocs\yii\framework\web\widgets\CContentDecorator.php(54): CContentDecorator->decorate()
#8 C:\xampp\htdocs\yii\framework\web\widgets\COutputProcessor.php(44): CContentDecorator->processOutput()
#9 C:\xampp\htdocs\yii\framework\web\CBaseController.php(214): CContentDecorator->run()
#10 C:\xampp\htdocs\yii\framework\web\CBaseController.php(308): PenerbitController->endWidget()
#11 C:\xampp\htdocs\jks\protected\views\layouts\column2.php(22): PenerbitController->endContent()
#12 C:\xampp\htdocs\yii\framework\web\CBaseController.php(126): require()
#13 C:\xampp\htdocs\yii\framework\web\CBaseController.php(95): PenerbitController->renderInternal()
#14 C:\xampp\htdocs\yii\framework\web\CController.php(784): PenerbitController->renderFile()
#15 C:\xampp\htdocs\jks\protected\controllers\PenerbitController.php(128): PenerbitController->render()
#16 C:\xampp\htdocs\yii\framework\web\actions\CInlineAction.php(49): PenerbitController->actionIndex()
#17 C:\xampp\htdocs\yii\framework\web\CController.php(308): CInlineAction->runWithParams()
#18 C:\xampp\htdocs\yii\framework\web\filters\CFilterChain.php(133): PenerbitController->runAction()
#19 C:\xampp\htdocs\yii\framework\web\filters\CFilter.php(40): CFilterChain->run()
#20 C:\xampp\htdocs\yii\framework\web\CController.php(1145): CAccessControlFilter->filter()
#21 C:\xampp\htdocs\yii\framework\web\filters\CInlineFilter.php(58): PenerbitController->filterAccessControl()
#22 C:\xampp\htdocs\yii\framework\web\filters\CFilterChain.php(130): CInlineFilter->filter()
#23 C:\xampp\htdocs\yii\framework\web\CController.php(291): CFilterChain->run()
#24 C:\xampp\htdocs\yii\framework\web\CController.php(265): PenerbitController->runActionWithFilters()
#25 C:\xampp\htdocs\yii\framework\web\CWebApplication.php(282): PenerbitController->run()
#26 C:\xampp\htdocs\yii\framework\web\CWebApplication.php(141): CWebApplication->runController()
#27 C:\xampp\htdocs\yii\framework\base\CApplication.php(184): CWebApplication->processRequest()
#28 C:\xampp\htdocs\jks\index.php(13): CWebApplication->run()
REQUEST_URI=/jks/index.php?r=penerbit/index
in C:\xampp\htdocs\jks\protected\extensions\mbmenu\MbMenu.php (172)
in C:\xampp\htdocs\jks\protected\extensions\mbmenu\MbMenu.php (176)
in C:\xampp\htdocs\jks\protected\extensions\mbmenu\MbMenu.php (99)
2015/09/14 20:28:40 [error] [php] Undefined index: label (C:\xampp\htdocs\jks\protected\extensions\mbmenu\MbMenu.php:172)
Stack trace:
#0 C:\xampp\htdocs\jks\protected\extensions\mbmenu\MbMenu.php(99): MbMenu->init()
#1 C:\xampp\htdocs\yii\framework\web\CBaseController.php(147): MbMenu->init()
#2 C:\xampp\htdocs\yii\framework\web\CBaseController.php(180): SiteController->createWidget()
#3 C:\xampp\htdocs\jks\protected\views\layouts\main.php(53): SiteController->widget()
#4 C:\xampp\htdocs\yii\framework\web\CBaseController.php(126): require()
#5 C:\xampp\htdocs\yii\framework\web\CBaseController.php(95): SiteController->renderInternal()
#6 C:\xampp\htdocs\yii\framework\web\widgets\CContentDecorator.php(76): SiteController->renderFile()
#7 C:\xampp\htdocs\yii\framework\web\widgets\CContentDecorator.php(54): CContentDecorator->decorate()
#8 C:\xampp\htdocs\yii\framework\web\widgets\COutputProcessor.php(44): CContentDecorator->processOutput()
#9 C:\xampp\htdocs\yii\framework\web\CBaseController.php(214): CContentDecorator->run()
#10 C:\xampp\htdocs\yii\framework\web\CBaseController.php(308): SiteController->endWidget()
#11 C:\xampp\htdocs\jks\protected\views\layouts\column1.php(6): SiteController->endContent()
#12 C:\xampp\htdocs\yii\framework\web\CBaseController.php(126): require()
#13 C:\xampp\htdocs\yii\framework\web\CBaseController.php(95): SiteController->renderInternal()
#14 C:\xampp\htdocs\yii\framework\web\CController.php(784): SiteController->renderFile()
#15 C:\xampp\htdocs\jks\protected\controllers\SiteController.php(32): SiteController->render()
#16 C:\xampp\htdocs\yii\framework\web\actions\CInlineAction.php(49): SiteController->actionIndex()
#17 C:\xampp\htdocs\yii\framework\web\CController.php(308): CInlineAction->runWithParams()
#18 C:\xampp\htdocs\yii\framework\web\CController.php(286): SiteController->runAction()
#19 C:\xampp\htdocs\yii\framework\web\CController.php(265): SiteController->runActionWithFilters()
#20 C:\xampp\htdocs\yii\framework\web\CWebApplication.php(282): SiteController->run()
#21 C:\xampp\htdocs\yii\framework\web\CWebApplication.php(141): CWebApplication->runController()
#22 C:\xampp\htdocs\yii\framework\base\CApplication.php(184): CWebApplication->processRequest()
#23 C:\xampp\htdocs\jks\index.php(13): CWebApplication->run()
REQUEST_URI=/jks/
in C:\xampp\htdocs\jks\protected\extensions\mbmenu\MbMenu.php (172)
in C:\xampp\htdocs\jks\protected\extensions\mbmenu\MbMenu.php (176)
in C:\xampp\htdocs\jks\protected\extensions\mbmenu\MbMenu.php (99)
